app/build/intermediates/manifest_merge_blame_file/debug/manifest-merger-blame-debug-report.txt
1<?xml version="1.0" encoding="utf-8"?>
2<manifest xmlns:android="http://schemas.android.com/apk/res/android"
3    package="com.google.mlkit.vision.demo"
4    android:installLocation="auto"
5    android:versionCode="11"
6    android:versionName="1.11" >
7    <!--
8 CameraX libraries require minSdkVersion 21, while this quickstart app
9    supports low to 16. Needs to use overrideLibrary to make the merger tool
10    ignore this conflict and import the libraries while keeping the app's lower
11    minSdkVersion value. In code, will check SDK version, before calling CameraX
12    APIs.
13    -->
14    <uses-sdk
14-->src\main\AndroidManifest.xml:12:5-14:63
15        android:minSdkVersion="16"
15-->src\main\AndroidManifest.xml:12:5-14:63
16        android:targetSdkVersion="29" />
16-->src\main\AndroidManifest.xml:12:5-14:63
17
18    <uses-feature android:name="android.hardware.camera" />
18-->src\main\AndroidManifest.xml:16:5-60
18-->src\main\AndroidManifest.xml:16:19-57
19
20    <uses-permission android:name="android.permission.INTERNET" />
20-->src\main\AndroidManifest.xml:18:5-67
20-->src\main\AndroidManifest.xml:18:22-64
21    <uses-permission android:name="android.permission.WRITE_EXTERNAL_STORAGE" />
21-->src\main\AndroidManifest.xml:19:5-81
21-->src\main\AndroidManifest.xml:19:22-78
22    <uses-permission android:name="android.permission.READ_EXTERNAL_STORAGE" />
22-->src\main\AndroidManifest.xml:20:5-80
22-->src\main\AndroidManifest.xml:20:22-77
23    <uses-permission android:name="android.permission.CAMERA" />
23-->src\main\AndroidManifest.xml:21:5-65
23-->src\main\AndroidManifest.xml:21:22-62
24
25    <application
25-->src\main\AndroidManifest.xml:23:5-79:19
26        android:name="androidx.multidex.MultiDexApplication"
26-->src\main\AndroidManifest.xml:24:9-61
27        android:appComponentFactory="androidx.core.app.CoreComponentFactory"
27-->[androidx.core:core:1.3.0] AndroidManifest.xml:24:18-86
28        android:debuggable="true"
29        android:icon="@drawable/logo_mlkit"
29-->src\main\AndroidManifest.xml:25:9-44
30        android:label="@string/app_name"
30-->src\main\AndroidManifest.xml:26:9-41
31        android:testOnly="true"
32        android:theme="@style/Theme.AppCompat" >
32-->src\main\AndroidManifest.xml:27:9-47
33        <meta-data
33-->src\main\AndroidManifest.xml:29:9-31:69
34            android:name="com.google.android.gms.version"
34-->src\main\AndroidManifest.xml:30:13-58
35            android:value="@integer/google_play_services_version" />
35-->src\main\AndroidManifest.xml:31:13-66
36
37        <!--
38          Optional: Add it to automatically download ML model to device after
39          your app is installed.
40        -->
41        <meta-data
41-->src\main\AndroidManifest.xml:35:9-37:52
42            android:name="com.google.mlkit.vision.DEPENDENCIES"
42-->src\main\AndroidManifest.xml:36:13-64
43            android:value="barcode,face,ocr,ica" />
43-->src\main\AndroidManifest.xml:37:13-49
44
45        <activity
45-->src\main\AndroidManifest.xml:39:9-47:20
46            android:name="com.google.mlkit.vision.demo.kotlin.ChooserActivity"
46-->src\main\AndroidManifest.xml:40:13-51
47            android:exported="true"
47-->src\main\AndroidManifest.xml:41:13-36
48            android:theme="@style/AppTheme" >
48-->src\main\AndroidManifest.xml:42:13-44
49            <intent-filter>
49-->src\main\AndroidManifest.xml:43:13-46:29
50                <action android:name="android.intent.action.MAIN" />
50-->src\main\AndroidManifest.xml:44:17-69
50-->src\main\AndroidManifest.xml:44:25-66
51
52                <category android:name="android.intent.category.LAUNCHER" />
52-->src\main\AndroidManifest.xml:45:17-77
52-->src\main\AndroidManifest.xml:45:27-74
53            </intent-filter>
54        </activity>
55        <activity
55-->src\main\AndroidManifest.xml:49:9-51:48
56            android:name="com.google.mlkit.vision.demo.java.ChooserActivity"
56-->src\main\AndroidManifest.xml:50:13-49
57            android:exported="true" />
57-->src\main\AndroidManifest.xml:51:13-36
58        <activity
58-->src\main\AndroidManifest.xml:53:9-56:56
59            android:name="com.google.mlkit.vision.demo.java.LivePreviewActivity"
59-->src\main\AndroidManifest.xml:54:13-53
60            android:exported="true"
60-->src\main\AndroidManifest.xml:55:13-36
61            android:theme="@style/AppTheme" />
61-->src\main\AndroidManifest.xml:56:13-44
62        <activity
62-->src\main\AndroidManifest.xml:58:9-61:56
63            android:name="com.google.mlkit.vision.demo.java.CameraXLivePreviewActivity"
63-->src\main\AndroidManifest.xml:59:13-60
64            android:exported="true"
64-->src\main\AndroidManifest.xml:60:13-36
65            android:theme="@style/AppTheme" />
65-->src\main\AndroidManifest.xml:61:13-44
66        <activity
66-->src\main\AndroidManifest.xml:63:9-66:56
67            android:name="com.google.mlkit.vision.demo.java.StillImageActivity"
67-->src\main\AndroidManifest.xml:64:13-52
68            android:exported="true"
68-->src\main\AndroidManifest.xml:65:13-36
69            android:theme="@style/AppTheme" />
69-->src\main\AndroidManifest.xml:66:13-44
70        <activity
70-->src\main\AndroidManifest.xml:69:9-72:56
71            android:name="com.google.mlkit.vision.demo.kotlin.CameraXLivePreviewActivity"
71-->src\main\AndroidManifest.xml:70:13-62
72            android:exported="true"
72-->src\main\AndroidManifest.xml:71:13-36
73            android:theme="@style/AppTheme" />
73-->src\main\AndroidManifest.xml:72:13-44
74        <activity
74-->src\main\AndroidManifest.xml:75:9-77:40
75            android:name="com.google.mlkit.vision.demo.preference.SettingsActivity"
75-->src\main\AndroidManifest.xml:76:13-56
76            android:exported="false" />
76-->src\main\AndroidManifest.xml:77:13-37
77
78        <service
78-->[com.google.mlkit:object-detection:16.2.1] AndroidManifest.xml:8:9-14:19
79            android:name="com.google.mlkit.common.internal.MlKitComponentDiscoveryService"
79-->[com.google.mlkit:object-detection:16.2.1] AndroidManifest.xml:9:13-91
80            android:directBootAware="true"
80-->[com.google.mlkit:common:17.0.0] AndroidManifest.xml:17:13-43
81            android:exported="false" >
81-->[com.google.mlkit:object-detection:16.2.1] AndroidManifest.xml:10:13-37
82            <meta-data
82-->[com.google.mlkit:object-detection:16.2.1] AndroidManifest.xml:11:13-13:85
83                android:name="com.google.firebase.components:com.google.mlkit.vision.objects.defaults.internal.DefaultObjectsRegistrar"
83-->[com.google.mlkit:object-detection:16.2.1] AndroidManifest.xml:12:17-136
84                android:value="com.google.firebase.components.ComponentRegistrar" />
84-->[com.google.mlkit:object-detection:16.2.1] AndroidManifest.xml:13:17-82
85            <meta-data
85-->[com.google.mlkit:object-detection-custom:16.2.1] AndroidManifest.xml:11:13-13:85
86                android:name="com.google.firebase.components:com.google.mlkit.vision.objects.custom.internal.CustomObjectsRegistrar"
86-->[com.google.mlkit:object-detection-custom:16.2.1] AndroidManifest.xml:12:17-133
87                android:value="com.google.firebase.components.ComponentRegistrar" />
87-->[com.google.mlkit:object-detection-custom:16.2.1] AndroidManifest.xml:13:17-82
88            <meta-data
88-->[com.google.android.gms:play-services-mlkit-text-recognition:16.1.1] AndroidManifest.xml:12:13-14:85
89                android:name="com.google.firebase.components:com.google.mlkit.vision.text.internal.TextRegistrar"
89-->[com.google.android.gms:play-services-mlkit-text-recognition:16.1.1] AndroidManifest.xml:13:17-114
90                android:value="com.google.firebase.components.ComponentRegistrar" />
90-->[com.google.android.gms:play-services-mlkit-text-recognition:16.1.1] AndroidManifest.xml:14:17-82
91            <meta-data
91-->[com.google.mlkit:image-labeling-automl:16.2.1] AndroidManifest.xml:11:13-13:85
92                android:name="com.google.firebase.components:com.google.mlkit.vision.label.automl.internal.AutoMLLabelRegistrar"
92-->[com.google.mlkit:image-labeling-automl:16.2.1] AndroidManifest.xml:12:17-129
93                android:value="com.google.firebase.components.ComponentRegistrar" />
93-->[com.google.mlkit:image-labeling-automl:16.2.1] AndroidManifest.xml:13:17-82
94            <meta-data
94-->[com.google.mlkit:image-labeling:17.0.0] AndroidManifest.xml:11:13-13:85
95                android:name="com.google.firebase.components:com.google.mlkit.vision.label.defaults.internal.BundledLabelRegistrar"
95-->[com.google.mlkit:image-labeling:17.0.0] AndroidManifest.xml:12:17-132
96                android:value="com.google.firebase.components.ComponentRegistrar" />
96-->[com.google.mlkit:image-labeling:17.0.0] AndroidManifest.xml:13:17-82
97            <meta-data
97-->[com.google.mlkit:image-labeling-custom:16.2.1] AndroidManifest.xml:11:13-13:85
98                android:name="com.google.firebase.components:com.google.mlkit.vision.label.custom.internal.CustomLabelRegistrar"
98-->[com.google.mlkit:image-labeling-custom:16.2.1] AndroidManifest.xml:12:17-129
99                android:value="com.google.firebase.components.ComponentRegistrar" />
99-->[com.google.mlkit:image-labeling-custom:16.2.1] AndroidManifest.xml:13:17-82
100            <meta-data
100-->[com.google.mlkit:pose-detection:16.0.0] AndroidManifest.xml:12:13-14:85
101                android:name="com.google.firebase.components:com.google.mlkit.vision.pose.internal.PoseRegistrar"
101-->[com.google.mlkit:pose-detection:16.0.0] AndroidManifest.xml:13:17-114
102                android:value="com.google.firebase.components.ComponentRegistrar" />
102-->[com.google.mlkit:pose-detection:16.0.0] AndroidManifest.xml:14:17-82
103            <meta-data
103-->[com.google.android.gms:play-services-mlkit-barcode-scanning:16.1.2] AndroidManifest.xml:12:13-14:85
104                android:name="com.google.firebase.components:com.google.mlkit.vision.barcode.internal.BarcodeRegistrar"
104-->[com.google.android.gms:play-services-mlkit-barcode-scanning:16.1.2] AndroidManifest.xml:13:17-120
105                android:value="com.google.firebase.components.ComponentRegistrar" />
105-->[com.google.android.gms:play-services-mlkit-barcode-scanning:16.1.2] AndroidManifest.xml:14:17-82
106            <meta-data
106-->[com.google.android.gms:play-services-mlkit-face-detection:16.1.1] AndroidManifest.xml:12:13-14:85
107                android:name="com.google.firebase.components:com.google.mlkit.vision.face.internal.FaceRegistrar"
107-->[com.google.android.gms:play-services-mlkit-face-detection:16.1.1] AndroidManifest.xml:13:17-114
108                android:value="com.google.firebase.components.ComponentRegistrar" />
108-->[com.google.android.gms:play-services-mlkit-face-detection:16.1.1] AndroidManifest.xml:14:17-82
109            <meta-data
109-->[com.google.mlkit:vision-internal-vkp:17.0.1] AndroidManifest.xml:11:13-13:85
110                android:name="com.google.firebase.components:com.google.mlkit.vision.vkp.VkpRegistrar"
110-->[com.google.mlkit:vision-internal-vkp:17.0.1] AndroidManifest.xml:12:17-103
111                android:value="com.google.firebase.components.ComponentRegistrar" />
111-->[com.google.mlkit:vision-internal-vkp:17.0.1] AndroidManifest.xml:13:17-82
112            <meta-data
112-->[com.google.mlkit:vision-common:16.1.0] AndroidManifest.xml:12:13-14:85
113                android:name="com.google.firebase.components:com.google.mlkit.vision.common.internal.VisionCommonRegistrar"
113-->[com.google.mlkit:vision-common:16.1.0] AndroidManifest.xml:13:17-124
114                android:value="com.google.firebase.components.ComponentRegistrar" />
114-->[com.google.mlkit:vision-common:16.1.0] AndroidManifest.xml:14:17-82
115            <meta-data
115-->[com.google.mlkit:common:17.0.0] AndroidManifest.xml:20:13-22:85
116                android:name="com.google.firebase.components:com.google.mlkit.common.internal.CommonComponentRegistrar"
116-->[com.google.mlkit:common:17.0.0] AndroidManifest.xml:21:17-120
117                android:value="com.google.firebase.components.ComponentRegistrar" />
117-->[com.google.mlkit:common:17.0.0] AndroidManifest.xml:22:17-82
118        </service>
119
120        <provider
120-->[com.google.mlkit:common:17.0.0] AndroidManifest.xml:9:9-13:38
121            android:name="com.google.mlkit.common.internal.MlKitInitProvider"
121-->[com.google.mlkit:common:17.0.0] AndroidManifest.xml:10:13-78
122            android:authorities="com.google.mlkit.vision.demo.mlkitinitprovider"
122-->[com.google.mlkit:common:17.0.0] AndroidManifest.xml:11:13-69
123            android:exported="false"
123-->[com.google.mlkit:common:17.0.0] AndroidManifest.xml:12:13-37
124            android:initOrder="99" />
124-->[com.google.mlkit:common:17.0.0] AndroidManifest.xml:13:13-35
125
126        <activity
126-->[com.google.android.gms:play-services-base:17.0.0] AndroidManifest.xml:23:9-26:75
127            android:name="com.google.android.gms.common.api.GoogleApiActivity"
127-->[com.google.android.gms:play-services-base:17.0.0] AndroidManifest.xml:24:13-79
128            android:exported="false"
128-->[com.google.android.gms:play-services-base:17.0.0] AndroidManifest.xml:25:13-37
129            android:theme="@android:style/Theme.Translucent.NoTitleBar" />
129-->[com.google.android.gms:play-services-base:17.0.0] AndroidManifest.xml:26:13-72
130
131        <provider
131-->[androidx.lifecycle:lifecycle-process:2.1.0] AndroidManifest.xml:23:9-27:43
132            android:name="androidx.lifecycle.ProcessLifecycleOwnerInitializer"
132-->[androidx.lifecycle:lifecycle-process:2.1.0] AndroidManifest.xml:24:13-79
133            android:authorities="com.google.mlkit.vision.demo.lifecycle-process"
133-->[androidx.lifecycle:lifecycle-process:2.1.0] AndroidManifest.xml:25:13-69
134            android:exported="false"
134-->[androidx.lifecycle:lifecycle-process:2.1.0] AndroidManifest.xml:26:13-37
135            android:multiprocess="true" />
135-->[androidx.lifecycle:lifecycle-process:2.1.0] AndroidManifest.xml:27:13-40
136    </application>
137
138</manifest>